Build started 04/11/2015 11:52:44.
     1>Project "C:\Users\dana_a\Documents\GitHub\Spider\Spider.vcxproj" on node 2 (Build target(s)).
     1>ClCompile:
         C:\Program Files (x86)\Microsoft Visual Studio 14.0\VC\bin\CL.exe /c /Zi /nologo /W3 /WX- /sdl /O2 /Oi /Oy- /GL /D WIN32 /D NDEBUG /D _CONSOLE /D _UNICODE /D UNICODE /Gm- /EHsc /MD /GS /Gy /fp:precise /Zc:wchar_t /Zc:forScope /Zc:inline /Yu"stdafx.h" /Fp"Release\Spider.pch" /Fo"Release\\" /Fd"Release\vc140.pdb" /Gd /TP /analyze- /errorReport:prompt client\src\Hooker.cpp client\src\Packager.cpp client\src\reseau\Network.cpp client\src\Spider.cpp client\src\Startup.cpp client\src\Tools.cpp common\src\paquet.cpp common\src\paquetCommandClient.cpp common\src\paquetCommandServer.cpp common\src\paquetFirstClient.cpp common\src\paquetFirstServer.cpp common\src\paquetKeys.cpp common\src\paquetMouse.cpp common\src\SslEngine.cpp
         Hooker.cpp
     1>client\src\Hooker.cpp(86): fatal error C1010: unexpected end of file while looking for precompiled header. Did you forget to add '#include "stdafx.h"' to your source?
         Packager.cpp
     1>client\src\Packager.cpp(152): fatal error C1010: unexpected end of file while looking for precompiled header. Did you forget to add '#include "stdafx.h"' to your source?
         Network.cpp
     1>client\src\reseau\Network.cpp(140): fatal error C1010: unexpected end of file while looking for precompiled header. Did you forget to add '#include "stdafx.h"' to your source?
         Spider.cpp
     1>client\src\Spider.cpp(35): fatal error C1010: unexpected end of file while looking for precompiled header. Did you forget to add '#include "stdafx.h"' to your source?
         Startup.cpp
     1>client\src\Startup.cpp(76): fatal error C1010: unexpected end of file while looking for precompiled header. Did you forget to add '#include "stdafx.h"' to your source?
         Tools.cpp
     1>client\src\Tools.cpp(60): fatal error C1010: unexpected end of file while looking for precompiled header. Did you forget to add '#include "stdafx.h"' to your source?
         paquet.cpp
     1>common\src\paquet.cpp(71): fatal error C1010: unexpected end of file while looking for precompiled header. Did you forget to add '#include "stdafx.h"' to your source?
         paquetCommandClient.cpp
     1>common\src\paquetCommandClient.cpp(108): fatal error C1010: unexpected end of file while looking for precompiled header. Did you forget to add '#include "stdafx.h"' to your source?
         paquetCommandServer.cpp
     1>common\src\paquetCommandServer.cpp(82): fatal error C1010: unexpected end of file while looking for precompiled header. Did you forget to add '#include "stdafx.h"' to your source?
         paquetFirstClient.cpp
     1>common\src\paquetFirstClient.cpp(123): fatal error C1010: unexpected end of file while looking for precompiled header. Did you forget to add '#include "stdafx.h"' to your source?
         paquetFirstServer.cpp
     1>common\src\paquetFirstServer.cpp(70): fatal error C1010: unexpected end of file while looking for precompiled header. Did you forget to add '#include "stdafx.h"' to your source?
         paquetKeys.cpp
     1>common\src\paquetKeys.cpp(155): fatal error C1010: unexpected end of file while looking for precompiled header. Did you forget to add '#include "stdafx.h"' to your source?
         paquetMouse.cpp
     1>common\src\paquetMouse.cpp(193): fatal error C1010: unexpected end of file while looking for precompiled header. Did you forget to add '#include "stdafx.h"' to your source?
         SslEngine.cpp
     1>common\src\SslEngine.cpp(17): warning C4005: 'UNUSED': macro redefinition
         common\src\SslEngine.cpp(15): note: see previous definition of 'UNUSED'
     1>common\src\SslEngine.cpp(213): fatal error C1010: unexpected end of file while looking for precompiled header. Did you forget to add '#include "stdafx.h"' to your source?
     1>Done Building Project "C:\Users\dana_a\Documents\GitHub\Spider\Spider.vcxproj" (Build target(s)) -- FAILED.

Build FAILED.

Time Elapsed 00:00:00.63
